<?xml version="1.0" encoding="UTF-8"?>
<!-- Generated by org.testng.reporters.JUnitReportReporter -->
<testsuite hostname="LPCAIQ1001" failures="0" tests="12" name="Login_Invalid" time="225.979" errors="0" timestamp="2022-09-27T13:12:33 EET" skipped="0">
  <testcase classname="Login_Invalid" name="Invalid_Login" time="21.205"/>
  <system-out/>
  <testcase classname="Login_Invalid" name="Invalid_Login" time="10.702"/>
  <system-out/>
  <testcase classname="Login_Invalid" name="Invalid_Login" time="20.642"/>
  <system-out/>
  <testcase classname="Login_Invalid" name="Invalid_Login" time="15.249"/>
  <system-out/>
  <testcase classname="Login_Invalid" name="Invalid_Login" time="17.895"/>
  <system-out/>
  <testcase classname="Login_Invalid" name="Invalid_Login" time="14.213"/>
  <system-out/>
  <testcase classname="Login_Invalid" name="Empty_Invalid_Login" time="42.396"/>
  <system-out/>
  <testcase classname="Login_Invalid" name="Empty_Invalid_Login" time="24.576"/>
  <system-out/>
  <testcase classname="Login_Invalid" name="Empty_Invalid_Login" time="11.675"/>
  <system-out/>
  <testcase classname="Login_Invalid" name="Empty_Invalid_Login" time="19.476"/>
  <system-out/>
  <testcase classname="Login_Invalid" name="Empty_Invalid_Login" time="14.557"/>
  <system-out/>
  <testcase classname="Login_Invalid" name="Empty_Invalid_Login" time="13.393"/>
  <system-out/>
</testsuite> <!-- Login_Invalid -->
