<?xml version="1.0" encoding="UTF-8"?>
<!-- Generated by org.testng.reporters.JUnitReportReporter -->
<testsuite hostname="LPCAIQ1001" failures="0" tests="2" name="ForgetPassword" time="38.109" errors="0" timestamp="2022-09-27T13:12:33 EET" skipped="0">
  <testcase classname="ForgetPassword" name="Forget_Pass" time="23.044"/>
  <system-out/>
  <testcase classname="ForgetPassword" name="Forget_Pass" time="15.065"/>
  <system-out/>
</testsuite> <!-- ForgetPassword -->
