<?xml version="1.0" encoding="UTF-8"?>
<!-- Generated by org.testng.reporters.JUnitReportReporter -->
<testsuite hostname="LPCAIQ1001" failures="0" tests="2" name="Logout" time="14.443" errors="0" timestamp="2022-09-22T14:16:53 EET" skipped="0">
  <testcase classname="Logout" name="logout" time="7.124"/>
  <system-out/>
  <testcase classname="Logout" name="logout" time="7.319"/>
  <system-out/>
</testsuite> <!-- Logout -->
